[24-Mar-2026 11:45:04 UTC] PHP Warning:  Undefined array key "name" in /root/ob/includes/config.php on line 981
[24-Mar-2026 11:45:04 UTC] PHP Warning:  Undefined array key "name" in /root/ob/includes/config.php on line 981
[24-Mar-2026 11:45:04 UTC] PHP Warning:  Undefined array key "name" in /root/ob/index.php on line 21
[24-Mar-2026 11:45:04 UTC] PHP Deprecated:  trim(): Passing null to parameter #1 ($string) of type string is deprecated in /root/ob/index.php on line 26
[24-Mar-2026 11:45:04 UTC] PHP Deprecated:  htmlspecialchars(): Passing null to parameter #1 ($string) of type string is deprecated in /root/ob/index.php on line 330
[24-Mar-2026 11:45:04 UTC] PHP Warning:  foreach() argument must be of type array|object, null given in /root/ob/index.php on line 369
[24-Mar-2026 11:45:04 UTC] PHP Deprecated:  htmlspecialchars(): Passing null to parameter #1 ($string) of type string is deprecated in /root/ob/index.php on line 411
[24-Mar-2026 11:45:04 UTC] PHP Fatal error:  Uncaught TypeError: count(): Argument #1 ($value) must be of type Countable|array, null given in /root/ob/index.php:420
Stack trace:
#0 {main}
  thrown in /root/ob/index.php on line 420
[24-Mar-2026 11:48:38 UTC] PHP Warning:  Undefined array key "name" in /root/ob/includes/config.php on line 981
[24-Mar-2026 11:48:38 UTC] PHP Warning:  Undefined array key "name" in /root/ob/index.php on line 21
[24-Mar-2026 11:48:38 UTC] PHP Deprecated:  trim(): Passing null to parameter #1 ($string) of type string is deprecated in /root/ob/index.php on line 26
[24-Mar-2026 11:48:38 UTC] PHP Deprecated:  htmlspecialchars(): Passing null to parameter #1 ($string) of type string is deprecated in /root/ob/index.php on line 330
[24-Mar-2026 11:48:38 UTC] PHP Deprecated:  htmlspecialchars(): Passing null to parameter #1 ($string) of type string is deprecated in /root/ob/index.php on line 411
[24-Mar-2026 11:48:38 UTC] PHP Deprecated:  htmlspecialchars(): Passing null to parameter #1 ($string) of type string is deprecated in /root/ob/index.php on line 535
[24-Mar-2026 11:59:35 UTC] PHP Warning:  Undefined array key "name" in /root/ob/includes/config.php on line 981
[24-Mar-2026 11:59:35 UTC] PHP Warning:  Undefined array key "name" in /root/ob/index.php on line 22
[24-Mar-2026 11:59:35 UTC] PHP Deprecated:  trim(): Passing null to parameter #1 ($string) of type string is deprecated in /root/ob/index.php on line 29
[24-Mar-2026 11:59:35 UTC] PHP Deprecated:  substr(): Passing null to parameter #1 ($string) of type string is deprecated in /root/ob/includes/config.php on line 532
[24-Mar-2026 11:59:35 UTC] PHP Warning:  Undefined array key "name" in /root/ob/index.php on line 52
[24-Mar-2026 11:59:35 UTC] PHP Deprecated:  htmlspecialchars(): Passing null to parameter #1 ($string) of type string is deprecated in /root/ob/index.php on line 921
[24-Mar-2026 11:59:35 UTC] PHP Deprecated:  htmlspecialchars(): Passing null to parameter #1 ($string) of type string is deprecated in /root/ob/index.php on line 1002
[24-Mar-2026 11:59:35 UTC] PHP Deprecated:  htmlspecialchars(): Passing null to parameter #1 ($string) of type string is deprecated in /root/ob/index.php on line 1125
[24-Mar-2026 11:59:35 UTC] PHP Deprecated:  htmlspecialchars(): Passing null to parameter #1 ($string) of type string is deprecated in /root/ob/index.php on line 1129
[24-Mar-2026 11:59:35 UTC] PHP Deprecated:  htmlspecialchars(): Passing null to parameter #1 ($string) of type string is deprecated in /root/ob/index.php on line 1196
[24-Mar-2026 11:59:35 UTC] PHP Warning:  include(pages/checker.php): Failed to open stream: No such file or directory in /root/ob/index.php on line 1266
[24-Mar-2026 11:59:35 UTC] PHP Warning:  include(): Failed opening 'pages/checker.php' for inclusion (include_path='.:/usr/share/php') in /root/ob/index.php on line 1266
[24-Mar-2026 11:59:35 UTC] PHP Warning:  include(pages/generator.php): Failed to open stream: No such file or directory in /root/ob/index.php on line 1271
[24-Mar-2026 11:59:35 UTC] PHP Warning:  include(): Failed opening 'pages/generator.php' for inclusion (include_path='.:/usr/share/php') in /root/ob/index.php on line 1271
[24-Mar-2026 11:59:35 UTC] PHP Warning:  include(pages/topup.php): Failed to open stream: No such file or directory in /root/ob/index.php on line 1276
[24-Mar-2026 11:59:35 UTC] PHP Warning:  include(): Failed opening 'pages/topup.php' for inclusion (include_path='.:/usr/share/php') in /root/ob/index.php on line 1276
[24-Mar-2026 11:59:44 UTC] PHP Warning:  Undefined array key "name" in /root/ob/includes/config.php on line 981
[24-Mar-2026 11:59:44 UTC] PHP Warning:  Undefined array key "name" in /root/ob/index.php on line 22
[24-Mar-2026 11:59:44 UTC] PHP Deprecated:  trim(): Passing null to parameter #1 ($string) of type string is deprecated in /root/ob/index.php on line 29
[24-Mar-2026 11:59:44 UTC] PHP Deprecated:  substr(): Passing null to parameter #1 ($string) of type string is deprecated in /root/ob/includes/config.php on line 532
[24-Mar-2026 11:59:44 UTC] PHP Warning:  Undefined array key "name" in /root/ob/index.php on line 52
[24-Mar-2026 11:59:44 UTC] PHP Deprecated:  htmlspecialchars(): Passing null to parameter #1 ($string) of type string is deprecated in /root/ob/index.php on line 921
[24-Mar-2026 11:59:44 UTC] PHP Deprecated:  htmlspecialchars(): Passing null to parameter #1 ($string) of type string is deprecated in /root/ob/index.php on line 1002
[24-Mar-2026 11:59:44 UTC] PHP Deprecated:  htmlspecialchars(): Passing null to parameter #1 ($string) of type string is deprecated in /root/ob/index.php on line 1125
[24-Mar-2026 11:59:44 UTC] PHP Deprecated:  htmlspecialchars(): Passing null to parameter #1 ($string) of type string is deprecated in /root/ob/index.php on line 1129
[24-Mar-2026 11:59:44 UTC] PHP Deprecated:  htmlspecialchars(): Passing null to parameter #1 ($string) of type string is deprecated in /root/ob/index.php on line 1196
[24-Mar-2026 11:59:44 UTC] PHP Warning:  include(pages/checker.php): Failed to open stream: No such file or directory in /root/ob/index.php on line 1266
[24-Mar-2026 11:59:44 UTC] PHP Warning:  include(): Failed opening 'pages/checker.php' for inclusion (include_path='.:/usr/share/php') in /root/ob/index.php on line 1266
[24-Mar-2026 11:59:44 UTC] PHP Warning:  include(pages/generator.php): Failed to open stream: No such file or directory in /root/ob/index.php on line 1271
[24-Mar-2026 11:59:44 UTC] PHP Warning:  include(): Failed opening 'pages/generator.php' for inclusion (include_path='.:/usr/share/php') in /root/ob/index.php on line 1271
[24-Mar-2026 11:59:44 UTC] PHP Warning:  include(pages/topup.php): Failed to open stream: No such file or directory in /root/ob/index.php on line 1276
[24-Mar-2026 11:59:44 UTC] PHP Warning:  include(): Failed opening 'pages/topup.php' for inclusion (include_path='.:/usr/share/php') in /root/ob/index.php on line 1276
[24-Mar-2026 11:59:47 UTC] PHP Warning:  Undefined array key "name" in /root/ob/includes/config.php on line 981
[24-Mar-2026 11:59:47 UTC] PHP Warning:  Undefined array key "name" in /root/ob/index.php on line 22
[24-Mar-2026 11:59:47 UTC] PHP Deprecated:  trim(): Passing null to parameter #1 ($string) of type string is deprecated in /root/ob/index.php on line 29
[24-Mar-2026 11:59:47 UTC] PHP Deprecated:  substr(): Passing null to parameter #1 ($string) of type string is deprecated in /root/ob/includes/config.php on line 532
[24-Mar-2026 11:59:47 UTC] PHP Warning:  Undefined array key "name" in /root/ob/index.php on line 52
[24-Mar-2026 11:59:47 UTC] PHP Deprecated:  htmlspecialchars(): Passing null to parameter #1 ($string) of type string is deprecated in /root/ob/index.php on line 921
[24-Mar-2026 11:59:47 UTC] PHP Deprecated:  htmlspecialchars(): Passing null to parameter #1 ($string) of type string is deprecated in /root/ob/index.php on line 1002
[24-Mar-2026 11:59:47 UTC] PHP Deprecated:  htmlspecialchars(): Passing null to parameter #1 ($string) of type string is deprecated in /root/ob/index.php on line 1125
[24-Mar-2026 11:59:47 UTC] PHP Deprecated:  htmlspecialchars(): Passing null to parameter #1 ($string) of type string is deprecated in /root/ob/index.php on line 1129
[24-Mar-2026 11:59:47 UTC] PHP Deprecated:  htmlspecialchars(): Passing null to parameter #1 ($string) of type string is deprecated in /root/ob/index.php on line 1196
[24-Mar-2026 11:59:47 UTC] PHP Warning:  include(pages/checker.php): Failed to open stream: No such file or directory in /root/ob/index.php on line 1266
[24-Mar-2026 11:59:47 UTC] PHP Warning:  include(): Failed opening 'pages/checker.php' for inclusion (include_path='.:/usr/share/php') in /root/ob/index.php on line 1266
[24-Mar-2026 11:59:47 UTC] PHP Warning:  include(pages/generator.php): Failed to open stream: No such file or directory in /root/ob/index.php on line 1271
[24-Mar-2026 11:59:47 UTC] PHP Warning:  include(): Failed opening 'pages/generator.php' for inclusion (include_path='.:/usr/share/php') in /root/ob/index.php on line 1271
[24-Mar-2026 11:59:47 UTC] PHP Warning:  include(pages/topup.php): Failed to open stream: No such file or directory in /root/ob/index.php on line 1276
[24-Mar-2026 11:59:47 UTC] PHP Warning:  include(): Failed opening 'pages/topup.php' for inclusion (include_path='.:/usr/share/php') in /root/ob/index.php on line 1276
[24-Mar-2026 12:50:39 UTC] PHP Warning:  include(header.php): Failed to open stream: No such file or directory in /root/ob/index.php on line 489
[24-Mar-2026 12:50:39 UTC] PHP Warning:  include(): Failed opening 'header.php' for inclusion (include_path='.:/usr/share/php') in /root/ob/index.php on line 489
[24-Mar-2026 12:50:39 UTC] PHP Warning:  include(sidebar.php): Failed to open stream: No such file or directory in /root/ob/index.php on line 490
[24-Mar-2026 12:50:39 UTC] PHP Warning:  include(): Failed opening 'sidebar.php' for inclusion (include_path='.:/usr/share/php') in /root/ob/index.php on line 490
[24-Mar-2026 12:55:51 UTC] PHP Warning:  include(header.php): Failed to open stream: No such file or directory in /root/ob/index.php on line 488
[24-Mar-2026 12:55:51 UTC] PHP Warning:  include(): Failed opening 'header.php' for inclusion (include_path='.:/usr/share/php') in /root/ob/index.php on line 488
[24-Mar-2026 12:55:51 UTC] PHP Warning:  include(sidebar.php): Failed to open stream: No such file or directory in /root/ob/index.php on line 489
[24-Mar-2026 12:55:51 UTC] PHP Warning:  include(): Failed opening 'sidebar.php' for inclusion (include_path='.:/usr/share/php') in /root/ob/index.php on line 489
[24-Mar-2026 12:55:55 UTC] PHP Warning:  include(header.php): Failed to open stream: No such file or directory in /root/ob/index.php on line 488
[24-Mar-2026 12:55:55 UTC] PHP Warning:  include(): Failed opening 'header.php' for inclusion (include_path='.:/usr/share/php') in /root/ob/index.php on line 488
[24-Mar-2026 12:55:55 UTC] PHP Warning:  include(sidebar.php): Failed to open stream: No such file or directory in /root/ob/index.php on line 489
[24-Mar-2026 12:55:55 UTC] PHP Warning:  include(): Failed opening 'sidebar.php' for inclusion (include_path='.:/usr/share/php') in /root/ob/index.php on line 489
[24-Mar-2026 12:56:51 UTC] PHP Warning:  include(header.php): Failed to open stream: No such file or directory in /root/ob/index.php on line 488
[24-Mar-2026 12:56:51 UTC] PHP Warning:  include(): Failed opening 'header.php' for inclusion (include_path='.:/usr/share/php') in /root/ob/index.php on line 488
[24-Mar-2026 12:56:51 UTC] PHP Warning:  include(sidebar.php): Failed to open stream: No such file or directory in /root/ob/index.php on line 489
[24-Mar-2026 12:56:51 UTC] PHP Warning:  include(): Failed opening 'sidebar.php' for inclusion (include_path='.:/usr/share/php') in /root/ob/index.php on line 489
[24-Mar-2026 13:01:10 UTC] PHP Warning:  include(header.php): Failed to open stream: No such file or directory in /root/ob/index.php on line 488
[24-Mar-2026 13:01:10 UTC] PHP Warning:  include(): Failed opening 'header.php' for inclusion (include_path='.:/usr/share/php') in /root/ob/index.php on line 488
[24-Mar-2026 13:01:10 UTC] PHP Warning:  include(sidebar.php): Failed to open stream: No such file or directory in /root/ob/index.php on line 489
[24-Mar-2026 13:01:10 UTC] PHP Warning:  include(): Failed opening 'sidebar.php' for inclusion (include_path='.:/usr/share/php') in /root/ob/index.php on line 489
[24-Mar-2026 13:12:13 UTC] PHP Warning:  include(header.php): Failed to open stream: No such file or directory in /root/ob/index.php on line 488
[24-Mar-2026 13:12:13 UTC] PHP Warning:  include(): Failed opening 'header.php' for inclusion (include_path='.:/usr/share/php') in /root/ob/index.php on line 488
[24-Mar-2026 13:12:13 UTC] PHP Warning:  include(sidebar.php): Failed to open stream: No such file or directory in /root/ob/index.php on line 489
[24-Mar-2026 13:12:13 UTC] PHP Warning:  include(): Failed opening 'sidebar.php' for inclusion (include_path='.:/usr/share/php') in /root/ob/index.php on line 489
[24-Mar-2026 13:12:30 UTC] PHP Warning:  include(header.php): Failed to open stream: No such file or directory in /root/ob/index.php on line 488
[24-Mar-2026 13:12:30 UTC] PHP Warning:  include(): Failed opening 'header.php' for inclusion (include_path='.:/usr/share/php') in /root/ob/index.php on line 488
[24-Mar-2026 13:12:30 UTC] PHP Warning:  include(sidebar.php): Failed to open stream: No such file or directory in /root/ob/index.php on line 489
[24-Mar-2026 13:12:30 UTC] PHP Warning:  include(): Failed opening 'sidebar.php' for inclusion (include_path='.:/usr/share/php') in /root/ob/index.php on line 489
