2025-12-10 07:25:52 - Killer starting: 4059986119423376|08|2030|754
2025-12-10 07:25:54 - VISA confirmed. Starting kill attempts...
2025-12-10 07:25:57 - Killer final response: <!DOCTYPE html>
<!--[if IE 8]><html class="ie8" lang="en"> <![endif]-->
<!--[if IE 9]><html class="ie9" lang="en"> <![endif]-->
<!--[if gte IE 9]><html class="ie" lang="en"> <![endif]-->
<!--[if !IE]>
2025-12-10 07:25:57 - Attempt 1: Declined - Unknown response from website
2025-12-15 08:23:18 - Killer starting: 4169161418620869|07|2030|230
2025-12-15 08:23:20 - VISA confirmed. Starting kill attempts...
2025-12-15 08:23:23 - Killer final response: <!DOCTYPE html>
<!--[if IE 8]><html class="ie8" lang="en"> <![endif]-->
<!--[if IE 9]><html class="ie9" lang="en"> <![endif]-->
<!--[if gte IE 9]><html class="ie" lang="en"> <![endif]-->
<!--[if !IE]>
2025-12-15 08:23:23 - Attempt 1: Declined - Unknown response from website
2025-12-15 08:23:23 - Killer starting: 4169161409581989|07|2030|230
2025-12-15 08:23:25 - VISA confirmed. Starting kill attempts...
2025-12-15 08:23:28 - Killer final response: <!DOCTYPE html>
<!--[if IE 8]><html class="ie8" lang="en"> <![endif]-->
<!--[if IE 9]><html class="ie9" lang="en"> <![endif]-->
<!--[if gte IE 9]><html class="ie" lang="en"> <![endif]-->
<!--[if !IE]>
2025-12-15 08:23:28 - Attempt 1: Declined - Unknown response from website
2025-12-15 08:23:28 - Killer starting: 4169161461847435|07|2030|230
2025-12-15 08:23:29 - VISA confirmed. Starting kill attempts...
2025-12-15 08:23:31 - Killer final response: <!DOCTYPE html>
<!--[if IE 8]><html class="ie8" lang="en"> <![endif]-->
<!--[if IE 9]><html class="ie9" lang="en"> <![endif]-->
<!--[if gte IE 9]><html class="ie" lang="en"> <![endif]-->
<!--[if !IE]>
2025-12-15 08:23:31 - Attempt 1: Declined - Unknown response from website
2025-12-15 08:23:32 - Killer starting: 4169161418620869|07|2030|230
2025-12-15 08:23:33 - VISA confirmed. Starting kill attempts...
2025-12-15 08:23:36 - Killer final response: <!DOCTYPE html>
<!--[if IE 8]><html class="ie8" lang="en"> <![endif]-->
<!--[if IE 9]><html class="ie9" lang="en"> <![endif]-->
<!--[if gte IE 9]><html class="ie" lang="en"> <![endif]-->
<!--[if !IE]>
2025-12-15 08:23:36 - Attempt 1: Declined - Unknown response from website
2025-12-15 08:23:36 - Killer starting: 4169161409581989|07|2030|230
2025-12-15 08:23:37 - VISA confirmed. Starting kill attempts...
2025-12-15 08:23:40 - Killer final response: <!DOCTYPE html>
<!--[if IE 8]><html class="ie8" lang="en"> <![endif]-->
<!--[if IE 9]><html class="ie9" lang="en"> <![endif]-->
<!--[if gte IE 9]><html class="ie" lang="en"> <![endif]-->
<!--[if !IE]>
2025-12-15 08:23:40 - Attempt 1: Declined - Unknown response from website
2025-12-15 08:23:40 - Killer starting: 4169161461847435|07|2030|230
2025-12-15 08:23:41 - VISA confirmed. Starting kill attempts...
2025-12-15 08:23:44 - Killer final response: <!DOCTYPE html>
<!--[if IE 8]><html class="ie8" lang="en"> <![endif]-->
<!--[if IE 9]><html class="ie9" lang="en"> <![endif]-->
<!--[if gte IE 9]><html class="ie" lang="en"> <![endif]-->
<!--[if !IE]>
2025-12-15 08:23:44 - Attempt 1: Declined - Unknown response from website
2025-12-15 08:23:44 - Killer starting: 4169161447692574|07|2030|230
2025-12-15 08:23:45 - VISA confirmed. Starting kill attempts...
2025-12-15 08:23:48 - Killer final response: <!DOCTYPE html>
<!--[if IE 8]><html class="ie8" lang="en"> <![endif]-->
<!--[if IE 9]><html class="ie9" lang="en"> <![endif]-->
<!--[if gte IE 9]><html class="ie" lang="en"> <![endif]-->
<!--[if !IE]>
2025-12-15 08:23:48 - Attempt 1: Declined - Unknown response from website
2025-12-15 08:23:48 - Killer starting: 4169161450627111|07|2030|230
2025-12-15 08:23:50 - VISA confirmed. Starting kill attempts...
2025-12-15 08:23:53 - Killer final response: <!DOCTYPE html>
<!--[if IE 8]><html class="ie8" lang="en"> <![endif]-->
<!--[if IE 9]><html class="ie9" lang="en"> <![endif]-->
<!--[if gte IE 9]><html class="ie" lang="en"> <![endif]-->
<!--[if !IE]>
2025-12-15 08:23:53 - Attempt 1: Declined - Unknown response from website
2025-12-15 08:23:53 - Killer starting: 4169161490344040|07|2030|230
2025-12-15 08:23:53 - VISA confirmed. Starting kill attempts...
2025-12-15 08:23:56 - Killer final response: <!DOCTYPE html>
<!--[if IE 8]><html class="ie8" lang="en"> <![endif]-->
<!--[if IE 9]><html class="ie9" lang="en"> <![endif]-->
<!--[if gte IE 9]><html class="ie" lang="en"> <![endif]-->
<!--[if !IE]>
2025-12-15 08:23:56 - Attempt 1: Declined - Unknown response from website
2025-12-15 08:23:56 - Killer starting: 4169161412938416|07|2030|230
2025-12-15 08:23:57 - VISA confirmed. Starting kill attempts...
2025-12-15 08:24:00 - Killer final response: <!DOCTYPE html>
<!--[if IE 8]><html class="ie8" lang="en"> <![endif]-->
<!--[if IE 9]><html class="ie9" lang="en"> <![endif]-->
<!--[if gte IE 9]><html class="ie" lang="en"> <![endif]-->
<!--[if !IE]>
2025-12-15 08:24:00 - Attempt 1: Declined - Unknown response from website
2025-12-15 08:24:00 - Killer starting: 4169161492113534|07|2030|230
2025-12-15 08:24:01 - VISA confirmed. Starting kill attempts...
2025-12-15 08:24:04 - Killer final response: <!DOCTYPE html>
<!--[if IE 8]><html class="ie8" lang="en"> <![endif]-->
<!--[if IE 9]><html class="ie9" lang="en"> <![endif]-->
<!--[if gte IE 9]><html class="ie" lang="en"> <![endif]-->
<!--[if !IE]>
2025-12-15 08:24:04 - Attempt 1: Declined - Unknown response from website
2025-12-15 08:24:04 - Killer starting: 4169161486291981|07|2030|230
2025-12-15 08:24:05 - VISA confirmed. Starting kill attempts...
2025-12-15 08:24:08 - Killer final response: <!DOCTYPE html>
<!--[if IE 8]><html class="ie8" lang="en"> <![endif]-->
<!--[if IE 9]><html class="ie9" lang="en"> <![endif]-->
<!--[if gte IE 9]><html class="ie" lang="en"> <![endif]-->
<!--[if !IE]>
2025-12-15 08:24:08 - Attempt 1: Declined - Unknown response from website
2025-12-15 08:24:08 - Killer starting: 4169161490731733|07|2030|230
2025-12-15 08:24:09 - VISA confirmed. Starting kill attempts...
2025-12-15 08:24:12 - Killer final response: <!DOCTYPE html>
<!--[if IE 8]><html class="ie8" lang="en"> <![endif]-->
<!--[if IE 9]><html class="ie9" lang="en"> <![endif]-->
<!--[if gte IE 9]><html class="ie" lang="en"> <![endif]-->
<!--[if !IE]>
2025-12-15 08:24:12 - Attempt 1: Declined - Unknown response from website
